<?xml version="1.0" encoding="UTF-8"?>
<!-- Generated by org.testng.reporters.JUnitReportReporter -->
<testsuite hostname="Kiran" failures="0" tests="1" name="com.qa.tests.LoginTest" time="0.019" errors="0" timestamp="25 Jan 2021 10:56:11 GMT" skipped="0">
  <testcase classname="com.qa.tests.LoginTest" name="checkGit" time="0.019"/>
</testsuite> <!-- com.qa.tests.LoginTest -->
